<?xml version="1.0" encoding="UTF-8"?>
<!-- Generated by org.testng.reporters.JUnitReportReporter -->
<testsuite hostname="LTIN271383" failures="0" tests="4" name="testCases.TC_0002" time="11.030" errors="0" timestamp="2024-02-29T15:29:57 IST" skipped="0">
  <testcase classname="testCases.TC_0002" name="launchFreeListing" time="4.476"/>
  <system-out/>
  <testcase classname="testCases.TC_0002" name="clickStartNowBtn" time="2.166"/>
  <system-out/>
  <testcase classname="testCases.TC_0002" name="printInvalidMessage" time="2.055"/>
  <system-out/>
  <testcase classname="testCases.TC_0002" name="navigateBack" time="2.333"/>
  <system-out/>
</testsuite> <!-- testCases.TC_0002 -->
