<?xml version="1.0" encoding="UTF-8"?>
<!-- Generated by org.testng.reporters.JUnitReportReporter -->
<testsuite hostname="LTIN518716" failures="0" tests="1" name="testCases.TC_001_EnterDetails" time="62.875" errors="0" timestamp="2024-02-18T01:00:44 IST" skipped="0">
  <testcase classname="testCases.TC_001_EnterDetails" name="enterDetails" time="62.875"/>
</testsuite> <!-- testCases.TC_001_EnterDetails -->
