<?xml version="1.0" encoding="UTF-8"?>
<!-- Generated by org.testng.reporters.JUnitReportReporter -->
<testsuite hostname="LTIN271383" failures="0" tests="5" name="testCases.TC_0001" time="47.909" errors="0" timestamp="2024-02-29T15:29:57 IST" skipped="0">
  <testcase classname="testCases.TC_0001" name="checkLocation" time="6.159"/>
  <system-out/>
  <testcase classname="testCases.TC_0001" name="searchCarWashingSrvcs" time="8.056"/>
  <system-out/>
  <testcase classname="testCases.TC_0001" name="applyFilters" time="7.827"/>
  <system-out/>
  <testcase classname="testCases.TC_0001" name="clickContactButton" time="20.183"/>
  <system-out/>
  <testcase classname="testCases.TC_0001" name="printCarWashingSrvcsDetails" time="5.684"/>
  <system-out/>
</testsuite> <!-- testCases.TC_0001 -->
