<?xml version="1.0" encoding="UTF-8"?>
<!-- Generated by org.testng.reporters.JUnitReportReporter -->
<testsuite hostname="LTIN518716" failures="0" tests="5" name="testCases.TC_001_CarWashingSrvcsDetails" time="36.821" errors="0" timestamp="2024-02-28T16:05:40 IST" skipped="0">
  <testcase classname="testCases.TC_001_CarWashingSrvcsDetails" name="checkLocation" time="3.371"/>
  <testcase classname="testCases.TC_001_CarWashingSrvcsDetails" name="searchCarWashingSrvcs" time="7.114"/>
  <testcase classname="testCases.TC_001_CarWashingSrvcsDetails" name="applyFilters" time="7.600"/>
  <testcase classname="testCases.TC_001_CarWashingSrvcsDetails" name="clickContactButton" time="14.681"/>
  <testcase classname="testCases.TC_001_CarWashingSrvcsDetails" name="printCarWashingSrvcsDetails" time="4.055"/>
</testsuite> <!-- testCases.TC_001_CarWashingSrvcsDetails -->
