<?xml version="1.0" encoding="UTF-8"?>
<!-- Generated by org.testng.reporters.JUnitReportReporter -->
<testsuite hostname="LTIN518716" failures="0" tests="3" name="testCases.TC_003_GymsSubList" time="10.734" errors="0" timestamp="2024-02-28T16:05:40 IST" skipped="0">
  <testcase classname="testCases.TC_003_GymsSubList" name="clickGymSection" time="3.414"/>
  <testcase classname="testCases.TC_003_GymsSubList" name="printGymSubList" time="4.961"/>
  <testcase classname="testCases.TC_003_GymsSubList" name="printSubMenuList" time="2.359"/>
</testsuite> <!-- testCases.TC_003_GymsSubList -->
