<?xml version="1.0" encoding="UTF-8"?>
<!-- Generated by org.testng.reporters.JUnitReportReporter -->
<testsuite hostname="LTIN518716" failures="0" tests="4" name="testCases.TC_002_LauchFreeListing" time="11.424" errors="0" timestamp="2024-02-28T16:05:40 IST" skipped="0">
  <testcase classname="testCases.TC_002_LauchFreeListing" name="launchFreeListing" time="4.543"/>
  <testcase classname="testCases.TC_002_LauchFreeListing" name="clickStartNowBtn" time="2.128"/>
  <testcase classname="testCases.TC_002_LauchFreeListing" name="printInvalidMessage" time="2.063"/>
  <testcase classname="testCases.TC_002_LauchFreeListing" name="navigateBack" time="2.690"/>
</testsuite> <!-- testCases.TC_002_LauchFreeListing -->
