<?xml version="1.0" encoding="UTF-8"?>
<!-- Generated by org.testng.reporters.JUnitReportReporter -->
<testsuite hostname="LTIN271383" failures="0" tests="3" name="testCases.TC_0003" time="15.477" errors="0" timestamp="2024-02-29T15:29:57 IST" skipped="0">
  <testcase classname="testCases.TC_0003" name="clickGymSection" time="3.893"/>
  <system-out/>
  <testcase classname="testCases.TC_0003" name="printGymSubList" time="6.351"/>
  <system-out/>
  <testcase classname="testCases.TC_0003" name="printSubMenuList" time="5.233"/>
  <system-out/>
</testsuite> <!-- testCases.TC_0003 -->
